{"meta": {"format": 3, "version": "7.12.0", "timestamp": "2025-11-26T02:58:04.311687", "branch_coverage": false, "show_contexts": false}, "files": {"api\\app\\auth\\verify_token.py": {"executed_lines": [1, 2, 3, 5, 8], "summary": {"covered_lines": 5, "num_statements": 15, "percent_covered": 33.333333333333336, "percent_covered_display": "33", "missing_lines": 10, "excluded_lines": 0, "percent_statements_covered": 33.333333333333336, "percent_statements_covered_display": "33"}, "missing_lines": [10, 11, 12, 14, 16, 17, 18, 19, 20, 21], "excluded_lines": [], "functions": {"verify_token": {"executed_lines": [], "summary": {"covered_lines": 0, "num_statements": 10, "percent_covered": 0.0, "percent_covered_display": "0", "missing_lines": 10, "excluded_lines": 0, "percent_statements_covered": 0.0, "percent_statements_covered_display": "0"}, "missing_lines": [10, 11, 12, 14, 16, 17, 18, 19, 20, 21], "excluded_lines": []}, "": {"executed_lines": [1, 2, 3, 5, 8], "summary": {"covered_lines": 5, "num_statements": 5, "percent_covered": 100.0, "percent_covered_display": "100", "missing_lines": 0, "excluded_lines": 0, "percent_statements_covered": 100.0, "percent_statements_covered_display": "100"}, "missing_lines": [], "excluded_lines": []}}, "classes": {"": {"executed_lines": [1, 2, 3, 5, 8], "summary": {"covered_lines": 5, "num_statements": 15, "percent_covered": 33.333333333333336, "percent_covered_display": "33", "missing_lines": 10, "excluded_lines": 0, "percent_statements_covered": 33.333333333333336, "percent_statements_covered_display": "33"}, "missing_lines": [10, 11, 12, 14, 16, 17, 18, 19, 20, 21], "excluded_lines": []}}}, "api\\app\\main.py": {"executed_lines": [1, 2, 3, 5, 8, 17, 18, 19, 20, 21, 24, 25, 26], "summary": {"covered_lines": 13, "num_statements": 13, "percent_covered": 100.0, "percent_covered_display": "100", "missing_lines": 0, "excluded_lines": 0, "percent_statements_covered": 100.0, "percent_statements_covered_display": "100"}, "missing_lines": [], "excluded_lines": [], "functions": {"root": {"executed_lines": [26], "summary": {"covered_lines": 1, "num_statements": 1, "percent_covered": 100.0, "percent_covered_display": "100", "missing_lines": 0, "excluded_lines": 0, "percent_statements_covered": 100.0, "percent_statements_covered_display": "100"}, "missing_lines": [], "excluded_lines": []}, "": {"executed_lines": [1, 2, 3, 5, 8, 17, 18, 19, 20, 21, 24, 25], "summary": {"covered_lines": 12, "num_statements": 12, "percent_covered": 100.0, "percent_covered_display": "100", "missing_lines": 0, "excluded_lines": 0, "percent_statements_covered": 100.0, "percent_statements_covered_display": "100"}, "missing_lines": [], "excluded_lines": []}}, "classes": {"": {"executed_lines": [1, 2, 3, 5, 8, 17, 18, 19, 20, 21, 24, 25, 26], "summary": {"covered_lines": 13, "num_statements": 13, "percent_covered": 100.0, "percent_covered_display": "100", "missing_lines": 0, "excluded_lines": 0, "percent_statements_covered": 100.0, "percent_statements_covered_display": "100"}, "missing_lines": [], "excluded_lines": []}}}, "api\\app\\models\\comment_model.py": {"executed_lines": [1, 2, 3, 6, 7, 8, 9, 10, 11, 12, 14, 15], "summary": {"covered_lines": 12, "num_statements": 12, "percent_covered": 100.0, "percent_covered_display": "100", "missing_lines": 0, "excluded_lines": 0, "percent_statements_covered": 100.0, "percent_statements_covered_display": "100"}, "missing_lines": [], "excluded_lines": [], "functions": {"": {"executed_lines": [1, 2, 3, 6, 7, 8, 9, 10, 11, 12, 14, 15], "summary": {"covered_lines": 12, "num_statements": 12, "percent_covered": 100.0, "percent_covered_display": "100", "missing_lines": 0, "excluded_lines": 0, "percent_statements_covered": 100.0, "percent_statements_covered_display": "100"}, "missing_lines": [], "excluded_lines": []}}, "classes": {"CommentModel": {"executed_lines": [], "summary": {"covered_lines": 0, "num_statements": 0, "percent_covered": 100.0, "percent_covered_display": "100", "missing_lines": 0, "excluded_lines": 0, "percent_statements_covered": 100.0, "percent_statements_covered_display": "100"}, "missing_lines": [], "excluded_lines": []}, "CommentModel.Config": {"executed_lines": [], "summary": {"covered_lines": 0, "num_statements": 0, "percent_covered": 100.0, "percent_covered_display": "100", "missing_lines": 0, "excluded_lines": 0, "percent_statements_covered": 100.0, "percent_statements_covered_display": "100"}, "missing_lines": [], "excluded_lines": []}, "": {"executed_lines": [1, 2, 3, 6, 7, 8, 9, 10, 11, 12, 14, 15], "summary": {"covered_lines": 12, "num_statements": 12, "percent_covered": 100.0, "percent_covered_display": "100", "missing_lines": 0, "excluded_lines": 0, "percent_statements_covered": 100.0, "percent_statements_covered_display": "100"}, "missing_lines": [], "excluded_lines": []}}}, "api\\app\\models\\rating_model.py": {"executed_lines": [1, 2, 5, 6, 7, 8], "summary": {"covered_lines": 6, "num_statements": 6, "percent_covered": 100.0, "percent_covered_display": "100", "missing_lines": 0, "excluded_lines": 0, "percent_statements_covered": 100.0, "percent_statements_covered_display": "100"}, "missing_lines": [], "excluded_lines": [], "functions": {"": {"executed_lines": [1, 2, 5, 6, 7, 8], "summary": {"covered_lines": 6, "num_statements": 6, "percent_covered": 100.0, "percent_covered_display": "100", "missing_lines": 0, "excluded_lines": 0, "percent_statements_covered": 100.0, "percent_statements_covered_display": "100"}, "missing_lines": [], "excluded_lines": []}}, "classes": {"RatingModel": {"executed_lines": [], "summary": {"covered_lines": 0, "num_statements": 0, "percent_covered": 100.0, "percent_covered_display": "100", "missing_lines": 0, "excluded_lines": 0, "percent_statements_covered": 100.0, "percent_statements_covered_display": "100"}, "missing_lines": [], "excluded_lines": []}, "": {"executed_lines": [1, 2, 5, 6, 7, 8], "summary": {"covered_lines": 6, "num_statements": 6, "percent_covered": 100.0, "percent_covered_display": "100", "missing_lines": 0, "excluded_lines": 0, "percent_statements_covered": 100.0, "percent_statements_covered_display": "100"}, "missing_lines": [], "excluded_lines": []}}}, "api\\app\\models\\trip_create_in.py": {"executed_lines": [1, 2, 5, 6, 7, 10, 11, 12, 13, 16, 17, 18, 19, 22, 23, 24, 25, 26, 27, 28, 29, 30, 31, 32, 33, 34, 35, 36], "summary": {"covered_lines": 28, "num_statements": 28, "percent_covered": 100.0, "percent_covered_display": "100", "missing_lines": 0, "excluded_lines": 0, "percent_statements_covered": 100.0, "percent_statements_covered_display": "100"}, "missing_lines": [], "excluded_lines": [], "functions": {"": {"executed_lines": [1, 2, 5, 6, 7, 10, 11, 12, 13, 16, 17, 18, 19, 22, 23, 24, 25, 26, 27, 28, 29, 30, 31, 32, 33, 34, 35, 36], "summary": {"covered_lines": 28, "num_statements": 28, "percent_covered": 100.0, "percent_covered_display": "100", "missing_lines": 0, "excluded_lines": 0, "percent_statements_covered": 100.0, "percent_statements_covered_display": "100"}, "missing_lines": [], "excluded_lines": []}}, "classes": {"Coordinates": {"executed_lines": [], "summary": {"covered_lines": 0, "num_statements": 0, "percent_covered": 100.0, "percent_covered_display": "100", "missing_lines": 0, "excluded_lines": 0, "percent_statements_covered": 100.0, "percent_statements_covered_display": "100"}, "missing_lines": [], "excluded_lines": []}, "TripPointIn": {"executed_lines": [], "summary": {"covered_lines": 0, "num_statements": 0, "percent_covered": 100.0, "percent_covered_display": "100", "missing_lines": 0, "excluded_lines": 0, "percent_statements_covered": 100.0, "percent_statements_covered_display": "100"}, "missing_lines": [], "excluded_lines": []}, "AuthorIn": {"executed_lines": [], "summary": {"covered_lines": 0, "num_statements": 0, "percent_covered": 100.0, "percent_covered_display": "100", "missing_lines": 0, "excluded_lines": 0, "percent_statements_covered": 100.0, "percent_statements_covered_display": "100"}, "missing_lines": [], "excluded_lines": []}, "TripCreateIn": {"executed_lines": [], "summary": {"covered_lines": 0, "num_statements": 0, "percent_covered": 100.0, "percent_covered_display": "100", "missing_lines": 0, "excluded_lines": 0, "percent_statements_covered": 100.0, "percent_statements_covered_display": "100"}, "missing_lines": [], "excluded_lines": []}, "": {"executed_lines": [1, 2, 5, 6, 7, 10, 11, 12, 13, 16, 17, 18, 19, 22, 23, 24, 25, 26, 27, 28, 29, 30, 31, 32, 33, 34, 35, 36], "summary": {"covered_lines": 28, "num_statements": 28, "percent_covered": 100.0, "percent_covered_display": "100", "missing_lines": 0, "excluded_lines": 0, "percent_statements_covered": 100.0, "percent_statements_covered_display": "100"}, "missing_lines": [], "excluded_lines": []}}}, "api\\app\\models\\trip_model.py": {"executed_lines": [1, 2, 3, 6, 7, 8, 9, 10, 11, 14, 15, 16, 17, 20, 21, 22, 23, 24, 25, 26, 27, 28, 29, 30, 31, 32, 33, 34, 35, 36, 37, 38, 39, 40, 41], "summary": {"covered_lines": 35, "num_statements": 35, "percent_covered": 100.0, "percent_covered_display": "100", "missing_lines": 0, "excluded_lines": 0, "percent_statements_covered": 100.0, "percent_statements_covered_display": "100"}, "missing_lines": [], "excluded_lines": [], "functions": {"": {"executed_lines": [1, 2, 3, 6, 7, 8, 9, 10, 11, 14, 15, 16, 17, 20, 21, 22, 23, 24, 25, 26, 27, 28, 29, 30, 31, 32, 33, 34, 35, 36, 37, 38, 39, 40, 41], "summary": {"covered_lines": 35, "num_statements": 35, "percent_covered": 100.0, "percent_covered_display": "100", "missing_lines": 0, "excluded_lines": 0, "percent_statements_covered": 100.0, "percent_statements_covered_display": "100"}, "missing_lines": [], "excluded_lines": []}}, "classes": {"TripPoint": {"executed_lines": [], "summary": {"covered_lines": 0, "num_statements": 0, "percent_covered": 100.0, "percent_covered_display": "100", "missing_lines": 0, "excluded_lines": 0, "percent_statements_covered": 100.0, "percent_statements_covered_display": "100"}, "missing_lines": [], "excluded_lines": []}, "Author": {"executed_lines": [], "summary": {"covered_lines": 0, "num_statements": 0, "percent_covered": 100.0, "percent_covered_display": "100", "missing_lines": 0, "excluded_lines": 0, "percent_statements_covered": 100.0, "percent_statements_covered_display": "100"}, "missing_lines": [], "excluded_lines": []}, "TripModel": {"executed_lines": [], "summary": {"covered_lines": 0, "num_statements": 0, "percent_covered": 100.0, "percent_covered_display": "100", "missing_lines": 0, "excluded_lines": 0, "percent_statements_covered": 100.0, "percent_statements_covered_display": "100"}, "missing_lines": [], "excluded_lines": []}, "": {"executed_lines": [1, 2, 3, 6, 7, 8, 9, 10, 11, 14, 15, 16, 17, 20, 21, 22, 23, 24, 25, 26, 27, 28, 29, 30, 31, 32, 33, 34, 35, 36, 37, 38, 39, 40, 41], "summary": {"covered_lines": 35, "num_statements": 35, "percent_covered": 100.0, "percent_covered_display": "100", "missing_lines": 0, "excluded_lines": 0, "percent_statements_covered": 100.0, "percent_statements_covered_display": "100"}, "missing_lines": [], "excluded_lines": []}}}, "api\\app\\routers\\comments.py": {"executed_lines": [3, 4, 5, 7, 8, 10, 16, 17, 18, 19, 20, 22, 24, 25, 26, 27, 29, 38, 40, 41, 42, 44, 45, 47, 49, 50, 58, 59, 62, 63, 64], "summary": {"covered_lines": 31, "num_statements": 35, "percent_covered": 88.57142857142857, "percent_covered_display": "89", "missing_lines": 4, "excluded_lines": 0, "percent_statements_covered": 88.57142857142857, "percent_statements_covered_display": "89"}, "missing_lines": [51, 52, 66, 67], "excluded_lines": [], "functions": {"create_comment": {"executed_lines": [18, 19, 20, 22, 24, 25, 26, 27, 29, 38, 40, 41, 42, 44, 45, 47, 49, 50], "summary": {"covered_lines": 18, "num_statements": 20, "percent_covered": 90.0, "percent_covered_display": "90", "missing_lines": 2, "excluded_lines": 0, "percent_statements_covered": 90.0, "percent_statements_covered_display": "90"}, "missing_lines": [51, 52], "excluded_lines": []}, "get_comments_for_trip": {"executed_lines": [62, 63, 64], "summary": {"covered_lines": 3, "num_statements": 5, "percent_covered": 60.0, "percent_covered_display": "60", "missing_lines": 2, "excluded_lines": 0, "percent_statements_covered": 60.0, "percent_statements_covered_display": "60"}, "missing_lines": [66, 67], "excluded_lines": []}, "": {"executed_lines": [3, 4, 5, 7, 8, 10, 16, 17, 58, 59], "summary": {"covered_lines": 10, "num_statements": 10, "percent_covered": 100.0, "percent_covered_display": "100", "missing_lines": 0, "excluded_lines": 0, "percent_statements_covered": 100.0, "percent_statements_covered_display": "100"}, "missing_lines": [], "excluded_lines": []}}, "classes": {"": {"executed_lines": [3, 4, 5, 7, 8, 10, 16, 17, 18, 19, 20, 22, 24, 25, 26, 27, 29, 38, 40, 41, 42, 44, 45, 47, 49, 50, 58, 59, 62, 63, 64], "summary": {"covered_lines": 31, "num_statements": 35, "percent_covered": 88.57142857142857, "percent_covered_display": "89", "missing_lines": 4, "excluded_lines": 0, "percent_statements_covered": 88.57142857142857, "percent_statements_covered_display": "89"}, "missing_lines": [51, 52, 66, 67], "excluded_lines": []}}}, "api\\app\\routers\\images.py": {"executed_lines": [2, 3, 5, 8, 9], "summary": {"covered_lines": 5, "num_statements": 10, "percent_covered": 50.0, "percent_covered_display": "50", "missing_lines": 5, "excluded_lines": 0, "percent_statements_covered": 50.0, "percent_statements_covered_display": "50"}, "missing_lines": [13, 14, 15, 16, 17], "excluded_lines": [], "functions": {"upload_image": {"executed_lines": [], "summary": {"covered_lines": 0, "num_statements": 5, "percent_covered": 0.0, "percent_covered_display": "0", "missing_lines": 5, "excluded_lines": 0, "percent_statements_covered": 0.0, "percent_statements_covered_display": "0"}, "missing_lines": [13, 14, 15, 16, 17], "excluded_lines": []}, "": {"executed_lines": [2, 3, 5, 8, 9], "summary": {"covered_lines": 5, "num_statements": 5, "percent_covered": 100.0, "percent_covered_display": "100", "missing_lines": 0, "excluded_lines": 0, "percent_statements_covered": 100.0, "percent_statements_covered_display": "100"}, "missing_lines": [], "excluded_lines": []}}, "classes": {"": {"executed_lines": [2, 3, 5, 8, 9], "summary": {"covered_lines": 5, "num_statements": 10, "percent_covered": 50.0, "percent_covered_display": "50", "missing_lines": 5, "excluded_lines": 0, "percent_statements_covered": 50.0, "percent_statements_covered_display": "50"}, "missing_lines": [13, 14, 15, 16, 17], "excluded_lines": []}}}, "api\\app\\routers\\ratings.py": {"executed_lines": [1, 2, 3, 5, 8, 9, 10, 11, 13, 14, 15, 16], "summary": {"covered_lines": 12, "num_statements": 12, "percent_covered": 100.0, "percent_covered_display": "100", "missing_lines": 0, "excluded_lines": 0, "percent_statements_covered": 100.0, "percent_statements_covered_display": "100"}, "missing_lines": [], "excluded_lines": [], "functions": {"rate_trip": {"executed_lines": [10, 11, 13, 14, 15, 16], "summary": {"covered_lines": 6, "num_statements": 6, "percent_covered": 100.0, "percent_covered_display": "100", "missing_lines": 0, "excluded_lines": 0, "percent_statements_covered": 100.0, "percent_statements_covered_display": "100"}, "missing_lines": [], "excluded_lines": []}, "": {"executed_lines": [1, 2, 3, 5, 8, 9], "summary": {"covered_lines": 6, "num_statements": 6, "percent_covered": 100.0, "percent_covered_display": "100", "missing_lines": 0, "excluded_lines": 0, "percent_statements_covered": 100.0, "percent_statements_covered_display": "100"}, "missing_lines": [], "excluded_lines": []}}, "classes": {"": {"executed_lines": [1, 2, 3, 5, 8, 9, 10, 11, 13, 14, 15, 16], "summary": {"covered_lines": 12, "num_statements": 12, "percent_covered": 100.0, "percent_covered_display": "100", "missing_lines": 0, "excluded_lines": 0, "percent_statements_covered": 100.0, "percent_statements_covered_display": "100"}, "missing_lines": [], "excluded_lines": []}}}, "api\\app\\routers\\trips.py": {"executed_lines": [1, 2, 3, 4, 5, 6, 12, 13, 14, 16, 17, 18, 20, 26, 28, 29, 30, 31, 32, 36, 37, 38, 40, 41, 42, 46, 51, 52, 54, 55, 56, 64, 65, 66, 67, 68, 70, 75, 78, 79, 80, 81, 82, 83, 84, 86, 87, 88, 94, 99, 105, 106, 108, 110, 111, 114, 115, 117, 118, 121, 122, 123, 124, 125, 131, 132, 133, 134, 136, 138, 139, 146, 148, 149, 150, 151, 152, 162, 167, 168, 188, 189, 190, 192, 206, 207, 215, 218, 219, 220], "summary": {"covered_lines": 90, "num_statements": 107, "percent_covered": 84.11214953271028, "percent_covered_display": "84", "missing_lines": 17, "excluded_lines": 0, "percent_statements_covered": 84.11214953271028, "percent_statements_covered_display": "84"}, "missing_lines": [71, 72, 73, 74, 126, 129, 140, 141, 142, 144, 154, 156, 157, 160, 198, 199, 200], "excluded_lines": [], "functions": {"get_location_name": {"executed_lines": [28, 29, 30, 31, 32, 36, 37, 38, 40, 41, 42, 46, 51, 52, 54, 55, 56], "summary": {"covered_lines": 17, "num_statements": 17, "percent_covered": 100.0, "percent_covered_display": "100", "missing_lines": 0, "excluded_lines": 0, "percent_statements_covered": 100.0, "percent_statements_covered_display": "100"}, "missing_lines": [], "excluded_lines": []}, "list_trips": {"executed_lines": [66, 67, 68, 70, 75], "summary": {"covered_lines": 5, "num_statements": 9, "percent_covered": 55.55555555555556, "percent_covered_display": "56", "missing_lines": 4, "excluded_lines": 0, "percent_statements_covered": 55.55555555555556, "percent_statements_covered_display": "56"}, "missing_lines": [71, 72, 73, 74], "excluded_lines": []}, "get_trip": {"executed_lines": [80, 81, 82, 83, 84, 86, 87, 88], "summary": {"covered_lines": 8, "num_statements": 8, "percent_covered": 100.0, "percent_covered_display": "100", "missing_lines": 0, "excluded_lines": 0, "percent_statements_covered": 100.0, "percent_statements_covered_display": "100"}, "missing_lines": [], "excluded_lines": []}, "create_trip_multipart": {"executed_lines": [105, 106, 108, 110, 111, 114, 115, 117, 118, 121, 122, 123, 124, 125, 131, 132, 133, 134, 136, 138, 139, 146, 148, 149, 150, 151, 152, 162, 167, 168, 188, 189, 190, 192], "summary": {"covered_lines": 34, "num_statements": 47, "percent_covered": 72.34042553191489, "percent_covered_display": "72", "missing_lines": 13, "excluded_lines": 0, "percent_statements_covered": 72.34042553191489, "percent_statements_covered_display": "72"}, "missing_lines": [126, 129, 140, 141, 142, 144, 154, 156, 157, 160, 198, 199, 200], "excluded_lines": []}, "add_trip_rating": {"executed_lines": [215, 218, 219, 220], "summary": {"covered_lines": 4, "num_statements": 4, "percent_covered": 100.0, "percent_covered_display": "100", "missing_lines": 0, "excluded_lines": 0, "percent_statements_covered": 100.0, "percent_statements_covered_display": "100"}, "missing_lines": [], "excluded_lines": []}, "": {"executed_lines": [1, 2, 3, 4, 5, 6, 12, 13, 14, 16, 17, 18, 20, 26, 64, 65, 78, 79, 94, 99, 206, 207], "summary": {"covered_lines": 22, "num_statements": 22, "percent_covered": 100.0, "percent_covered_display": "100", "missing_lines": 0, "excluded_lines": 0, "percent_statements_covered": 100.0, "percent_statements_covered_display": "100"}, "missing_lines": [], "excluded_lines": []}}, "classes": {"": {"executed_lines": [1, 2, 3, 4, 5, 6, 12, 13, 14, 16, 17, 18, 20, 26, 28, 29, 30, 31, 32, 36, 37, 38, 40, 41, 42, 46, 51, 52, 54, 55, 56, 64, 65, 66, 67, 68, 70, 75, 78, 79, 80, 81, 82, 83, 84, 86, 87, 88, 94, 99, 105, 106, 108, 110, 111, 114, 115, 117, 118, 121, 122, 123, 124, 125, 131, 132, 133, 134, 136, 138, 139, 146, 148, 149, 150, 151, 152, 162, 167, 168, 188, 189, 190, 192, 206, 207, 215, 218, 219, 220], "summary": {"covered_lines": 90, "num_statements": 107, "percent_covered": 84.11214953271028, "percent_covered_display": "84", "missing_lines": 17, "excluded_lines": 0, "percent_statements_covered": 84.11214953271028, "percent_statements_covered_display": "84"}, "missing_lines": [71, 72, 73, 74, 126, 129, 140, 141, 142, 144, 154, 156, 157, 160, 198, 199, 200], "excluded_lines": []}}}, "api\\app\\routers\\users.py": {"executed_lines": [1, 2, 3, 4, 5, 7, 9, 10, 12, 15, 16, 21, 22, 23, 26, 42, 45, 47, 50, 51, 55, 56, 59, 60, 64, 65, 66, 67, 68, 71, 72, 76, 77, 78, 79, 83, 84, 85, 86, 87, 91, 92, 99, 100, 101, 102, 104, 105, 106, 107, 110, 111, 112, 115, 116, 120, 122, 123, 125, 128, 129, 133, 135, 138, 139, 140, 141, 143, 144, 147, 148, 153, 154, 159, 162, 164, 167, 168, 173, 174, 176, 177, 180, 181, 186, 189, 191, 194, 195, 205, 206, 216, 217], "summary": {"covered_lines": 93, "num_statements": 118, "percent_covered": 78.8135593220339, "percent_covered_display": "79", "missing_lines": 25, "excluded_lines": 0, "percent_statements_covered": 78.8135593220339, "percent_statements_covered_display": "79"}, "missing_lines": [117, 126, 196, 197, 198, 199, 201, 202, 207, 208, 209, 210, 212, 213, 224, 225, 229, 230, 232, 233, 235, 236, 239, 242, 244], "excluded_lines": [], "functions": {"register_user": {"executed_lines": [21, 22, 23, 26, 42, 45, 47], "summary": {"covered_lines": 7, "num_statements": 7, "percent_covered": 100.0, "percent_covered_display": "100", "missing_lines": 0, "excluded_lines": 0, "percent_statements_covered": 100.0, "percent_statements_covered_display": "100"}, "missing_lines": [], "excluded_lines": []}, "get_all_users": {"executed_lines": [55, 56], "summary": {"covered_lines": 2, "num_statements": 2, "percent_covered": 100.0, "percent_covered_display": "100", "missing_lines": 0, "excluded_lines": 0, "percent_statements_covered": 100.0, "percent_statements_covered_display": "100"}, "missing_lines": [], "excluded_lines": []}, "get_current_user": {"executed_lines": [64, 65, 66, 67, 68], "summary": {"covered_lines": 5, "num_statements": 5, "percent_covered": 100.0, "percent_covered_display": "100", "missing_lines": 0, "excluded_lines": 0, "percent_statements_covered": 100.0, "percent_statements_covered_display": "100"}, "missing_lines": [], "excluded_lines": []}, "get_current_user_by_id": {"executed_lines": [76, 77, 78, 79], "summary": {"covered_lines": 4, "num_statements": 4, "percent_covered": 100.0, "percent_covered_display": "100", "missing_lines": 0, "excluded_lines": 0, "percent_statements_covered": 100.0, "percent_statements_covered_display": "100"}, "missing_lines": [], "excluded_lines": []}, "update_user_multipart": {"executed_lines": [99, 100, 101, 102, 104, 105, 106, 107, 110, 111, 112, 115, 116, 120, 122, 123, 125, 128, 129, 133, 135], "summary": {"covered_lines": 21, "num_statements": 23, "percent_covered": 91.30434782608695, "percent_covered_display": "91", "missing_lines": 2, "excluded_lines": 0, "percent_statements_covered": 91.30434782608695, "percent_statements_covered_display": "91"}, "missing_lines": [117, 126], "excluded_lines": []}, "unfollow_user": {"executed_lines": [140, 141, 143, 144, 147, 148, 153, 154, 159, 162, 164], "summary": {"covered_lines": 11, "num_statements": 11, "percent_covered": 100.0, "percent_covered_display": "100", "missing_lines": 0, "excluded_lines": 0, "percent_statements_covered": 100.0, "percent_statements_covered_display": "100"}, "missing_lines": [], "excluded_lines": []}, "follow_user": {"executed_lines": [173, 174, 176, 177, 180, 181, 186, 189, 191], "summary": {"covered_lines": 9, "num_statements": 9, "percent_covered": 100.0, "percent_covered_display": "100", "missing_lines": 0, "excluded_lines": 0, "percent_statements_covered": 100.0, "percent_statements_covered_display": "100"}, "missing_lines": [], "excluded_lines": []}, "save_trip": {"executed_lines": [], "summary": {"covered_lines": 0, "num_statements": 6, "percent_covered": 0.0, "percent_covered_display": "0", "missing_lines": 6, "excluded_lines": 0, "percent_statements_covered": 0.0, "percent_statements_covered_display": "0"}, "missing_lines": [196, 197, 198, 199, 201, 202], "excluded_lines": []}, "unsave_trip": {"executed_lines": [], "summary": {"covered_lines": 0, "num_statements": 6, "percent_covered": 0.0, "percent_covered_display": "0", "missing_lines": 6, "excluded_lines": 0, "percent_statements_covered": 0.0, "percent_statements_covered_display": "0"}, "missing_lines": [207, 208, 209, 210, 212, 213], "excluded_lines": []}, "add_publicacio": {"executed_lines": [], "summary": {"covered_lines": 0, "num_statements": 11, "percent_covered": 0.0, "percent_covered_display": "0", "missing_lines": 11, "excluded_lines": 0, "percent_statements_covered": 0.0, "percent_statements_covered_display": "0"}, "missing_lines": [224, 225, 229, 230, 232, 233, 235, 236, 239, 242, 244], "excluded_lines": []}, "": {"executed_lines": [1, 2, 3, 4, 5, 7, 9, 10, 12, 15, 16, 50, 51, 59, 60, 71, 72, 83, 84, 85, 86, 87, 91, 92, 138, 139, 167, 168, 194, 195, 205, 206, 216, 217], "summary": {"covered_lines": 34, "num_statements": 34, "percent_covered": 100.0, "percent_covered_display": "100", "missing_lines": 0, "excluded_lines": 0, "percent_statements_covered": 100.0, "percent_statements_covered_display": "100"}, "missing_lines": [], "excluded_lines": []}}, "classes": {"UserEditIn": {"executed_lines": [], "summary": {"covered_lines": 0, "num_statements": 0, "percent_covered": 100.0, "percent_covered_display": "100", "missing_lines": 0, "excluded_lines": 0, "percent_statements_covered": 100.0, "percent_statements_covered_display": "100"}, "missing_lines": [], "excluded_lines": []}, "": {"executed_lines": [1, 2, 3, 4, 5, 7, 9, 10, 12, 15, 16, 21, 22, 23, 26, 42, 45, 47, 50, 51, 55, 56, 59, 60, 64, 65, 66, 67, 68, 71, 72, 76, 77, 78, 79, 83, 84, 85, 86, 87, 91, 92, 99, 100, 101, 102, 104, 105, 106, 107, 110, 111, 112, 115, 116, 120, 122, 123, 125, 128, 129, 133, 135, 138, 139, 140, 141, 143, 144, 147, 148, 153, 154, 159, 162, 164, 167, 168, 173, 174, 176, 177, 180, 181, 186, 189, 191, 194, 195, 205, 206, 216, 217], "summary": {"covered_lines": 93, "num_statements": 118, "percent_covered": 78.8135593220339, "percent_covered_display": "79", "missing_lines": 25, "excluded_lines": 0, "percent_statements_covered": 78.8135593220339, "percent_statements_covered_display": "79"}, "missing_lines": [117, 126, 196, 197, 198, 199, 201, 202, 207, 208, 209, 210, 212, 213, 224, 225, 229, 230, 232, 233, 235, 236, 239, 242, 244], "excluded_lines": []}}}, "api\\app\\services\\firebase_service.py": {"executed_lines": [1, 2, 3, 5, 6, 8, 13, 15, 16, 26, 28, 29, 30, 32, 33, 37, 41, 45, 48], "summary": {"covered_lines": 19, "num_statements": 32, "percent_covered": 59.375, "percent_covered_display": "59", "missing_lines": 13, "excluded_lines": 0, "percent_statements_covered": 59.375, "percent_statements_covered_display": "59"}, "missing_lines": [17, 18, 20, 21, 23, 24, 34, 35, 38, 39, 42, 43, 46], "excluded_lines": [], "functions": {"": {"executed_lines": [1, 2, 3, 5, 6, 8, 13, 15, 16, 26, 28, 29, 30, 32, 33, 37, 41, 45, 48], "summary": {"covered_lines": 19, "num_statements": 32, "percent_covered": 59.375, "percent_covered_display": "59", "missing_lines": 13, "excluded_lines": 0, "percent_statements_covered": 59.375, "percent_statements_covered_display": "59"}, "missing_lines": [17, 18, 20, 21, 23, 24, 34, 35, 38, 39, 42, 43, 46], "excluded_lines": []}}, "classes": {"": {"executed_lines": [1, 2, 3, 5, 6, 8, 13, 15, 16, 26, 28, 29, 30, 32, 33, 37, 41, 45, 48], "summary": {"covered_lines": 19, "num_statements": 32, "percent_covered": 59.375, "percent_covered_display": "59", "missing_lines": 13, "excluded_lines": 0, "percent_statements_covered": 59.375, "percent_statements_covered_display": "59"}, "missing_lines": [17, 18, 20, 21, 23, 24, 34, 35, 38, 39, 42, 43, 46], "excluded_lines": []}}}, "api\\app\\services\\image_service.py": {"executed_lines": [2, 3, 4, 5, 6, 8, 10, 13, 15, 16, 17, 19, 20, 21, 22, 23, 24, 25], "summary": {"covered_lines": 18, "num_statements": 21, "percent_covered": 85.71428571428571, "percent_covered_display": "86", "missing_lines": 3, "excluded_lines": 0, "percent_statements_covered": 85.71428571428571, "percent_statements_covered_display": "86"}, "missing_lines": [26, 27, 28], "excluded_lines": [], "functions": {"upload_image_to_imgbb": {"executed_lines": [15, 16, 17, 19, 20, 21, 22, 23, 24, 25], "summary": {"covered_lines": 10, "num_statements": 13, "percent_covered": 76.92307692307692, "percent_covered_display": "77", "missing_lines": 3, "excluded_lines": 0, "percent_statements_covered": 76.92307692307692, "percent_statements_covered_display": "77"}, "missing_lines": [26, 27, 28], "excluded_lines": []}, "": {"executed_lines": [2, 3, 4, 5, 6, 8, 10, 13], "summary": {"covered_lines": 8, "num_statements": 8, "percent_covered": 100.0, "percent_covered_display": "100", "missing_lines": 0, "excluded_lines": 0, "percent_statements_covered": 100.0, "percent_statements_covered_display": "100"}, "missing_lines": [], "excluded_lines": []}}, "classes": {"": {"executed_lines": [2, 3, 4, 5, 6, 8, 10, 13, 15, 16, 17, 19, 20, 21, 22, 23, 24, 25], "summary": {"covered_lines": 18, "num_statements": 21, "percent_covered": 85.71428571428571, "percent_covered_display": "86", "missing_lines": 3, "excluded_lines": 0, "percent_statements_covered": 85.71428571428571, "percent_statements_covered_display": "86"}, "missing_lines": [26, 27, 28], "excluded_lines": []}}}, "api\\app\\services\\mongo_service.py": {"executed_lines": [2, 3, 4, 5, 6, 8, 10, 16, 17, 18, 38, 39, 40, 42, 43, 45, 49, 53, 57, 61, 65, 69, 72, 75, 78, 79, 80, 81, 83, 84, 85, 86, 93, 95, 96, 99, 101, 102, 103, 104, 107, 109, 110, 111, 112, 113, 114, 115, 116, 124, 126, 127, 137, 138, 139, 141, 142, 143, 146, 148, 149, 154, 155, 156, 164, 166, 167, 174, 175, 176, 177, 180, 181, 183, 185, 187, 188, 189], "summary": {"covered_lines": 77, "num_statements": 101, "percent_covered": 76.23762376237623, "percent_covered_display": "76", "missing_lines": 24, "excluded_lines": 0, "percent_statements_covered": 76.23762376237623, "percent_statements_covered_display": "76"}, "missing_lines": [20, 21, 23, 24, 25, 29, 31, 32, 36, 46, 47, 50, 51, 54, 55, 58, 59, 62, 63, 66, 67, 70, 73, 76], "excluded_lines": [], "functions": {"save_trip": {"executed_lines": [95, 96], "summary": {"covered_lines": 2, "num_statements": 2, "percent_covered": 100.0, "percent_covered_display": "100", "missing_lines": 0, "excluded_lines": 0, "percent_statements_covered": 100.0, "percent_statements_covered_display": "100"}, "missing_lines": [], "excluded_lines": []}, "get_all_trips": {"executed_lines": [101, 102, 103, 104], "summary": {"covered_lines": 4, "num_statements": 4, "percent_covered": 100.0, "percent_covered_display": "100", "missing_lines": 0, "excluded_lines": 0, "percent_statements_covered": 100.0, "percent_statements_covered_display": "100"}, "missing_lines": [], "excluded_lines": []}, "get_trip_by_id": {"executed_lines": [109, 110, 111, 112, 113, 114, 115, 116], "summary": {"covered_lines": 8, "num_statements": 8, "percent_covered": 100.0, "percent_covered_display": "100", "missing_lines": 0, "excluded_lines": 0, "percent_statements_covered": 100.0, "percent_statements_covered_display": "100"}, "missing_lines": [], "excluded_lines": []}, "get_trip_rating_stats": {"executed_lines": [126, 127, 137, 138, 139, 141, 142, 143], "summary": {"covered_lines": 8, "num_statements": 8, "percent_covered": 100.0, "percent_covered_display": "100", "missing_lines": 0, "excluded_lines": 0, "percent_statements_covered": 100.0, "percent_statements_covered_display": "100"}, "missing_lines": [], "excluded_lines": []}, "upsert_rating": {"executed_lines": [148, 149, 154, 155, 156], "summary": {"covered_lines": 5, "num_statements": 5, "percent_covered": 100.0, "percent_covered_display": "100", "missing_lines": 0, "excluded_lines": 0, "percent_statements_covered": 100.0, "percent_statements_covered_display": "100"}, "missing_lines": [], "excluded_lines": []}, "list_comments": {"executed_lines": [166, 167, 174, 175, 176, 177, 180, 181, 183, 185, 187, 188, 189], "summary": {"covered_lines": 13, "num_statements": 13, "percent_covered": 100.0, "percent_covered_display": "100", "missing_lines": 0, "excluded_lines": 0, "percent_statements_covered": 100.0, "percent_statements_covered_display": "100"}, "missing_lines": [], "excluded_lines": []}, "": {"executed_lines": [2, 3, 4, 5, 6, 8, 10, 16, 17, 18, 38, 39, 40, 42, 43, 45, 49, 53, 57, 61, 65, 69, 72, 75, 78, 79, 80, 81, 83, 84, 85, 86, 93, 99, 107, 124, 146, 164], "summary": {"covered_lines": 37, "num_statements": 61, "percent_covered": 60.65573770491803, "percent_covered_display": "61", "missing_lines": 24, "excluded_lines": 0, "percent_statements_covered": 60.65573770491803, "percent_statements_covered_display": "61"}, "missing_lines": [20, 21, 23, 24, 25, 29, 31, 32, 36, 46, 47, 50, 51, 54, 55, 58, 59, 62, 63, 66, 67, 70, 73, 76], "excluded_lines": []}}, "classes": {"": {"executed_lines": [2, 3, 4, 5, 6, 8, 10, 16, 17, 18, 38, 39, 40, 42, 43, 45, 49, 53, 57, 61, 65, 69, 72, 75, 78, 79, 80, 81, 83, 84, 85, 86, 93, 95, 96, 99, 101, 102, 103, 104, 107, 109, 110, 111, 112, 113, 114, 115, 116, 124, 126, 127, 137, 138, 139, 141, 142, 143, 146, 148, 149, 154, 155, 156, 164, 166, 167, 174, 175, 176, 177, 180, 181, 183, 185, 187, 188, 189], "summary": {"covered_lines": 77, "num_statements": 101, "percent_covered": 76.23762376237623, "percent_covered_display": "76", "missing_lines": 24, "excluded_lines": 0, "percent_statements_covered": 76.23762376237623, "percent_statements_covered_display": "76"}, "missing_lines": [20, 21, 23, 24, 25, 29, 31, 32, 36, 46, 47, 50, 51, 54, 55, 58, 59, 62, 63, 66, 67, 70, 73, 76], "excluded_lines": []}}}}, "totals": {"covered_lines": 444, "num_statements": 545, "percent_covered": 81.46788990825688, "percent_covered_display": "81", "missing_lines": 101, "excluded_lines": 0, "percent_statements_covered": 81.46788990825688, "percent_statements_covered_display": "81"}}